<?xml version="1.0" encoding="UTF-8"?>
<testsuite xmlns:xsi="http://www.w3.org/2001/XMLSchema-instance" xsi:noNamespaceSchemaLocation="https://maven.apache.org/surefire/maven-surefire-plugin/xsd/surefire-test-report.xsd" version="3.0.2" name="com.tvsos.RoutingServerApplicationTests" time="1.021" tests="1" errors="0" skipped="0" failures="0">
  <properties>
[...]
</properties>
  <testcase name="contextLoads" classname="com.tvsos.RoutingServerApplicationTests" time="0.338">
    <system-out><![CDATA[00:29:49.296 [main] INFO org.springframework.test.context.support.AnnotationConfigContextLoaderUtils -- Could not detect default configuration classes for test class [com.tvsos.RoutingServerApplicationTests]: RoutingServerApplicationTests does not declare any static, non-private, non-final, nested classes annotated with @Configuration.
00:29:49.329 [main] INFO org.springframework.boot.test.context.SpringBootTestContextBootstrapper -- Found @SpringBootConfiguration com.tvsos.RoutingServerApplication for test class com.tvsos.RoutingServerApplicationTests

  .   ____          _            __ _ _
 /\\ / ___'_ __ _ _(_)_ __  __ _ \ \ \ \
( ( )\___ | '_ | '_| | '_ \/ _` | \ \ \ \
 \\/  ___)| |_)| | | | | || (_| |  ) ) ) )
  '  |____| .__|_| |_|_| |_\__, | / / / /
 =========|_|==============|___/=/_/_/_/

 :: Spring Boot ::                (v3.5.5)

2025-11-18T00:29:49.464+08:00  INFO 6075 --- [           main] c.tvsos.RoutingServerApplicationTests    : Starting RoutingServerApplicationTests using Java 21.0.7 with PID 6075 (started by kirito in /Users/kirito/mysrc/project/zongshe/tvsos/tvsos-backend/routing/routing-server)
2025-11-18T00:29:49.465+08:00  INFO 6075 --- [           main] c.tvsos.RoutingServerApplicationTests    : The following 1 profile is active: "dev"
2025-11-18T00:29:49.836+08:00  INFO 6075 --- [           main] o.s.v.b.OptionalValidatorFactoryBean     : Failed to set up a Bean Validation provider: jakarta.validation.NoProviderFoundException: Unable to create a Configuration, because no Jakarta Bean Validation provider could be found. Add a provider like Hibernate Validator (RI) to your classpath.
2025-11-18T00:29:49.927+08:00  INFO 6075 --- [           main] c.tvsos.RoutingServerApplicationTests    : Started RoutingServerApplicationTests in 0.555 seconds (process running for 0.836)
]]></system-out>
    <system-err><![CDATA[Mockito is currently self-attaching to enable the inline-mock-maker. This will no longer work in future releases of the JDK. Please add Mockito as an agent to your build as described in Mockito's documentation: https://javadoc.io/doc/org.mockito/mockito-core/latest/org.mockito/org/mockito/Mockito.html#0.3
WARNING: A Java agent has been loaded dynamically (/Users/kirito/.m2/repository/net/bytebuddy/byte-buddy-agent/1.17.7/byte-buddy-agent-1.17.7.jar)
WARNING: If a serviceability tool is in use, please run with -XX:+EnableDynamicAgentLoading to hide this warning
WARNING: If a serviceability tool is not in use, please run with -Djdk.instrument.traceUsage for more information
WARNING: Dynamic loading of agents will be disallowed by default in a future release
]]></system-err>
  </testcase>
</testsuite>